Sat Mar  8 20:53:43 2025       
+-----------------------------------------------------------------------------------------+
| NVIDIA-SMI 555.42.02              Driver Version: 555.42.02      CUDA Version: 12.5     |
|-----------------------------------------+------------------------+----------------------+
| GPU  Name                 Persistence-M | Bus-Id          Disp.A | Volatile Uncorr. ECC |
| Fan  Temp   Perf          Pwr:Usage/Cap |           Memory-Usage | GPU-Util  Compute M. |
|                                         |                        |               MIG M. |
|=========================================+========================+======================|
|   0  Tesla V100-PCIE-32GB           On  |   00000000:D9:00.0 Off |                    0 |
| N/A   39C    P0             38W /  250W |       1MiB /  32768MiB |      0%      Default |
|                                         |                        |                  N/A |
+-----------------------------------------+------------------------+----------------------+
                                                                                         
+-----------------------------------------------------------------------------------------+
| Processes:                                                                              |
|  GPU   GI   CI        PID   Type   Process name                              GPU Memory |
|        ID   ID                                                               Usage      |
|=========================================================================================|
|  No running processes found                                                             |
+-----------------------------------------------------------------------------------------+
Lmod: loading gcc 8.5.0 
Lmod: loading python 3.10.10 
AP IoU 0.5:   0%|          | 0/3869 [00:00<?, ?it/s]AP IoU 0.5:  18%|█▊        | 687/3869 [00:00<00:00, 6869.01it/s]AP IoU 0.5:  39%|███▉      | 1526/3869 [00:00<00:00, 7762.24it/s]AP IoU 0.5:  61%|██████    | 2358/3869 [00:00<00:00, 8010.90it/s]AP IoU 0.5:  82%|████████▏ | 3187/3869 [00:00<00:00, 8117.58it/s]AP IoU 0.5: 100%|██████████| 3869/3869 [00:00<00:00, 8006.32it/s]
AP IoU 0.75:   0%|          | 0/3869 [00:00<?, ?it/s]AP IoU 0.75:  22%|██▏       | 858/3869 [00:00<00:00, 8570.28it/s]AP IoU 0.75:  45%|████▍     | 1723/3869 [00:00<00:00, 8610.13it/s]AP IoU 0.75:  67%|██████▋   | 2585/3869 [00:00<00:00, 8401.77it/s]AP IoU 0.75:  89%|████████▊ | 3426/3869 [00:00<00:00, 8393.86it/s]AP IoU 0.75: 100%|██████████| 3869/3869 [00:00<00:00, 8339.43it/s]
AP IoU 0.9:   0%|          | 0/3869 [00:00<?, ?it/s]AP IoU 0.9:  22%|██▏       | 850/3869 [00:00<00:00, 8487.97it/s]AP IoU 0.9:  44%|████▍     | 1715/3869 [00:00<00:00, 8582.90it/s]AP IoU 0.9:  67%|██████▋   | 2574/3869 [00:00<00:00, 8367.18it/s]AP IoU 0.9:  88%|████████▊ | 3417/3869 [00:00<00:00, 8386.55it/s]AP IoU 0.9: 100%|██████████| 3869/3869 [00:00<00:00, 8384.67it/s]
/var/spool/slurmd/job47735833/slurm_script: line 31: ...: command not found
